<?xml version="1.0" encoding="utf-8"?><testsuites name="pytest tests"><testsuite name="pytest" errors="1" failures="7" skipped="0" tests="45" time="27.399" timestamp="2026-04-07T17:53:48.432034+00:00" hostname="runnervm727z3"><testcase classname="tests.extreme.engines.test_adversarial_tester" name="test_adversarial_tester_initialization" time="0.003" /><testcase classname="tests.extreme.engines.test_adversarial_tester" name="test_malicious_pdfs" time="0.091"><failure message="assert None is not None">tests/extreme/engines/test_adversarial_tester.py:91: in test_malicious_pdfs
    assert result is not None
E   assert None is not None</failure></testcase><testcase classname="tests.extreme.engines.test_adversarial_tester" name="test_buffer_overflow" time="0.008"><failure message="assert None is not None">tests/extreme/engines/test_adversarial_tester.py:103: in test_buffer_overflow
    assert result is not None
E   assert None is not None</failure></testcase><testcase classname="tests.extreme.engines.test_adversarial_tester" name="test_encoding_attacks" time="0.006"><failure message="assert None is not None">tests/extreme/engines/test_adversarial_tester.py:115: in test_encoding_attacks
    assert result is not None
E   assert None is not None</failure></testcase><testcase classname="tests.extreme.engines.test_adversarial_tester" name="test_path_traversal" time="0.025"><failure message="assert None is not None">tests/extreme/engines/test_adversarial_tester.py:127: in test_path_traversal
    assert result is not None
E   assert None is not None</failure></testcase><testcase classname="tests.extreme.engines.test_adversarial_tester" name="test_prompt_injection" time="0.060"><failure message="assert None is not None">tests/extreme/engines/test_adversarial_tester.py:139: in test_prompt_injection
    assert result is not None
E   assert None is not None</failure></testcase><testcase classname="tests.extreme.engines.test_adversarial_tester" name="test_chunking_boundary_attacks" time="0.006"><failure message="assert None is not None">tests/extreme/engines/test_adversarial_tester.py:151: in test_chunking_boundary_attacks
    assert result is not None
E   assert None is not None</failure></testcase><testcase classname="tests.extreme.engines.test_adversarial_tester" name="test_run_all_tests" time="0.184"><failure message="AttributeError: 'NoneType' object has no attribute 'test_id'">tests/extreme/engines/test_adversarial_tester.py:166: in test_run_all_tests
    test_ids = [r.test_id for r in results]
                ^^^^^^^^^
E   AttributeError: 'NoneType' object has no attribute 'test_id'</failure></testcase><testcase classname="tests.extreme.engines.test_adversarial_tester" name="test_adversarial_config" time="0.001" /><testcase classname="tests.extreme.engines.test_boundary_tester.TestBoundaryTesterInitialization" name="test_initialization" time="0.002" /><testcase classname="tests.extreme.engines.test_boundary_tester.TestBoundaryTesterInitialization" name="test_config_defaults" time="0.002" /><testcase classname="tests.extreme.engines.test_boundary_tester.TestEmptyDocumentTesting" name="test_empty_document" time="0.005" /><testcase classname="tests.extreme.engines.test_boundary_tester.TestEmptyDocumentTesting" name="test_whitespace_only_document" time="0.005" /><testcase classname="tests.extreme.engines.test_boundary_tester.TestEmptyDocumentTesting" name="test_special_char_only_document" time="0.005" /><testcase classname="tests.extreme.engines.test_boundary_tester.TestEmptyDocumentTesting" name="test_minimum_document_sizes" time="0.010" /><testcase classname="tests.extreme.engines.test_boundary_tester.TestStructuralAnomalyTesting" name="test_structural_anomaly_types" time="0.002" /><testcase classname="tests.extreme.engines.test_boundary_tester.TestStructuralAnomalyTesting" name="test_structural_anomaly_execution" time="0.007" /><testcase classname="tests.extreme.engines.test_boundary_tester.TestCoverageBoundaryTesting" name="test_zero_gaps" time="0.010" /><testcase classname="tests.extreme.engines.test_boundary_tester.TestCoverageBoundaryTesting" name="test_all_gaps" time="0.005" /><testcase classname="tests.extreme.engines.test_boundary_tester.TestCoverageBoundaryTesting" name="test_exact_threshold_scores" time="0.017" /><testcase classname="tests.extreme.engines.test_boundary_tester.TestCoverageBoundaryTesting" name="test_keywords_only_policy" time="0.005" /><testcase classname="tests.extreme.engines.test_boundary_tester.TestCoverageBoundaryTesting" name="test_implementation_only_policy" time="0.005" /><testcase classname="tests.extreme.engines.test_boundary_tester.TestEncodingDiversityTesting" name="test_encoding_languages" time="0.002" /><testcase classname="tests.extreme.engines.test_boundary_tester.TestEncodingDiversityTesting" name="test_encoding_language_execution" time="0.005" /><testcase classname="tests.extreme.engines.test_boundary_tester.TestSimilarityScoreBoundaryTesting" name="test_similarity_score_boundaries" time="0.005" /><testcase classname="tests.extreme.engines.test_boundary_tester.TestExtremeParameterTesting" name="test_extreme_chunk_overlap" time="0.011" /><testcase classname="tests.extreme.engines.test_boundary_tester.TestExtremeParameterTesting" name="test_extreme_top_k" time="0.011" /><testcase classname="tests.extreme.engines.test_boundary_tester.TestBoundaryTesterIntegration" name="test_run_tests" time="0.002" /><testcase classname="tests.extreme.engines.test_boundary_tester.TestBoundaryTesterIntegration" name="test_test_empty_documents" time="0.018" /><testcase classname="tests.extreme.engines.test_boundary_tester.TestBoundaryTesterIntegration" name="test_test_structural_anomalies" time="0.034" /><testcase classname="tests.extreme.engines.test_boundary_tester.TestBoundaryTesterIntegration" name="test_test_coverage_boundaries" time="0.031" /><testcase classname="tests.extreme.engines.test_boundary_tester.TestBoundaryTesterIntegration" name="test_test_encoding_diversity" time="0.029" /><testcase classname="tests.extreme.engines.test_boundary_tester.TestBoundaryTesterIntegration" name="test_test_similarity_score_boundaries" time="0.006" /><testcase classname="tests.extreme.engines.test_boundary_tester.TestBoundaryTesterIntegration" name="test_test_extreme_parameters" time="0.019" /><testcase classname="tests.extreme.engines.test_chaos_engine" name="test_chaos_engine_initialization" time="0.002" /><testcase classname="tests.extreme.engines.test_chaos_engine" name="test_disk_full_tests" time="0.042" /><testcase classname="tests.extreme.engines.test_chaos_engine" name="test_memory_exhaustion_tests" time="0.008" /><testcase classname="tests.extreme.engines.test_chaos_engine" name="test_model_corruption_tests" time="0.004" /><testcase classname="tests.extreme.engines.test_chaos_engine" name="test_process_interruption_tests" time="0.003" /><testcase classname="tests.extreme.engines.test_chaos_engine" name="test_permission_errors_tests" time="0.006" /><testcase classname="tests.extreme.engines.test_chaos_engine" name="test_configuration_chaos_tests" time="0.005" /><testcase classname="tests.extreme.engines.test_chaos_engine" name="test_vector_store_corruption_tests" time="0.007" /><testcase classname="tests.extreme.engines.test_chaos_engine" name="test_run_all_tests" time="0.061" /><testcase classname="tests.extreme.engines.test_component_stress_tester" name="test_component_tester_initialization" time="0.002" /><testcase time="0.001" /><testcase classname="pytest" name="internal" time="0.000"><error message="internal error">Traceback (most recent call last):
  File "/home/runner/.local/lib/python3.12/site-packages/_pytest/main.py", line 318, in wrap_session
    session.exitstatus = doit(config, session) or 0
                         ^^^^^^^^^^^^^^^^^^^^^
  File "/home/runner/.local/lib/python3.12/site-packages/_pytest/main.py", line 372, in _main
    config.hook.pytest_runtestloop(session=session)
  File "/home/runner/.local/lib/python3.12/site-packages/pluggy/_hooks.py", line 512, in __call__
    return self._hookexec(self.name, self._hookimpls.copy(), kwargs, firstresult)
           ^^^^^^^^^^^^^^^^^^^^^^^^^^^^^^^^^^^^^^^^^^^^^^^^^^^^^^^^^^^^^^^^^^^^^^
  File "/home/runner/.local/lib/python3.12/site-packages/pluggy/_manager.py", line 120, in _hookexec
    return self._inner_hookexec(hook_name, methods, kwargs, firstresult)
           ^^^^^^^^^^^^^^^^^^^^^^^^^^^^^^^^^^^^^^^^^^^^^^^^^^^^^^^^^^^^^
  File "/home/runner/.local/lib/python3.12/site-packages/pluggy/_callers.py", line 167, in _multicall
    raise exception
  File "/home/runner/.local/lib/python3.12/site-packages/pluggy/_callers.py", line 139, in _multicall
    teardown.throw(exception)
  File "/home/runner/.local/lib/python3.12/site-packages/_pytest/logging.py", line 801, in pytest_runtestloop
    return (yield)  # Run all the tests.
            ^^^^^
  File "/home/runner/.local/lib/python3.12/site-packages/pluggy/_callers.py", line 139, in _multicall
    teardown.throw(exception)
  File "/home/runner/.local/lib/python3.12/site-packages/_pytest/terminal.py", line 707, in pytest_runtestloop
    result = yield
             ^^^^^
  File "/home/runner/.local/lib/python3.12/site-packages/pluggy/_callers.py", line 139, in _multicall
    teardown.throw(exception)
  File "/home/runner/.local/lib/python3.12/site-packages/pytest_cov/plugin.py", line 348, in pytest_runtestloop
    result = yield
             ^^^^^
  File "/home/runner/.local/lib/python3.12/site-packages/pluggy/_callers.py", line 121, in _multicall
    res = hook_impl.function(*args)
          ^^^^^^^^^^^^^^^^^^^^^^^^^
  File "/home/runner/.local/lib/python3.12/site-packages/_pytest/main.py", line 396, in pytest_runtestloop
    item.config.hook.pytest_runtest_protocol(item=item, nextitem=nextitem)
  File "/home/runner/.local/lib/python3.12/site-packages/pluggy/_hooks.py", line 512, in __call__
    return self._hookexec(self.name, self._hookimpls.copy(), kwargs, firstresult)
           ^^^^^^^^^^^^^^^^^^^^^^^^^^^^^^^^^^^^^^^^^^^^^^^^^^^^^^^^^^^^^^^^^^^^^^
  File "/home/runner/.local/lib/python3.12/site-packages/pluggy/_manager.py", line 120, in _hookexec
    return self._inner_hookexec(hook_name, methods, kwargs, firstresult)
           ^^^^^^^^^^^^^^^^^^^^^^^^^^^^^^^^^^^^^^^^^^^^^^^^^^^^^^^^^^^^^
  File "/home/runner/.local/lib/python3.12/site-packages/pluggy/_callers.py", line 167, in _multicall
    raise exception
  File "/home/runner/.local/lib/python3.12/site-packages/pluggy/_callers.py", line 139, in _multicall
    teardown.throw(exception)
  File "/home/runner/.local/lib/python3.12/site-packages/_pytest/warnings.py", line 89, in pytest_runtest_protocol
    return (yield)
            ^^^^^
  File "/home/runner/.local/lib/python3.12/site-packages/pluggy/_callers.py", line 139, in _multicall
    teardown.throw(exception)
  File "/home/runner/.local/lib/python3.12/site-packages/_pytest/assertion/__init__.py", line 192, in pytest_runtest_protocol
    return (yield)
            ^^^^^
  File "/home/runner/.local/lib/python3.12/site-packages/pluggy/_callers.py", line 139, in _multicall
    teardown.throw(exception)
  File "/home/runner/.local/lib/python3.12/site-packages/_pytest/unittest.py", line 591, in pytest_runtest_protocol
    return (yield)
            ^^^^^
  File "/home/runner/.local/lib/python3.12/site-packages/pluggy/_callers.py", line 139, in _multicall
    teardown.throw(exception)
  File "/home/runner/.local/lib/python3.12/site-packages/_pytest/faulthandler.py", line 102, in pytest_runtest_protocol
    return (yield)
            ^^^^^
  File "/home/runner/.local/lib/python3.12/site-packages/pluggy/_callers.py", line 121, in _multicall
    res = hook_impl.function(*args)
          ^^^^^^^^^^^^^^^^^^^^^^^^^
  File "/home/runner/.local/lib/python3.12/site-packages/_pytest/runner.py", line 118, in pytest_runtest_protocol
    runtestprotocol(item, nextitem=nextitem)
  File "/home/runner/.local/lib/python3.12/site-packages/_pytest/runner.py", line 137, in runtestprotocol
    reports.append(call_and_report(item, "call", log))
                   ^^^^^^^^^^^^^^^^^^^^^^^^^^^^^^^^^^
  File "/home/runner/.local/lib/python3.12/site-packages/_pytest/runner.py", line 249, in call_and_report
    report: TestReport = ihook.pytest_runtest_makereport(item=item, call=call)
                         ^^^^^^^^^^^^^^^^^^^^^^^^^^^^^^^^^^^^^^^^^^^^^^^^^^^^^
  File "/home/runner/.local/lib/python3.12/site-packages/pluggy/_hooks.py", line 512, in __call__
    return self._hookexec(self.name, self._hookimpls.copy(), kwargs, firstresult)
           ^^^^^^^^^^^^^^^^^^^^^^^^^^^^^^^^^^^^^^^^^^^^^^^^^^^^^^^^^^^^^^^^^^^^^^
  File "/home/runner/.local/lib/python3.12/site-packages/pluggy/_manager.py", line 120, in _hookexec
    return self._inner_hookexec(hook_name, methods, kwargs, firstresult)
           ^^^^^^^^^^^^^^^^^^^^^^^^^^^^^^^^^^^^^^^^^^^^^^^^^^^^^^^^^^^^^
  File "/home/runner/.local/lib/python3.12/site-packages/pluggy/_callers.py", line 167, in _multicall
    raise exception
  File "/home/runner/.local/lib/python3.12/site-packages/pluggy/_callers.py", line 139, in _multicall
    teardown.throw(exception)
  File "/home/runner/.local/lib/python3.12/site-packages/_pytest/tmpdir.py", line 333, in pytest_runtest_makereport
    rep = yield
          ^^^^^
  File "/home/runner/.local/lib/python3.12/site-packages/pluggy/_callers.py", line 139, in _multicall
    teardown.throw(exception)
  File "/home/runner/.local/lib/python3.12/site-packages/pluggy/_callers.py", line 43, in run_old_style_hookwrapper
    teardown.send(result)
  File "/home/runner/.local/lib/python3.12/site-packages/_hypothesis_pytestplugin.py", line 337, in pytest_runtest_makereport
    report = (yield).get_result()
             ^^^^^^^^^^^^^^^^^^^^
  File "/home/runner/.local/lib/python3.12/site-packages/pluggy/_result.py", line 103, in get_result
    raise exc.with_traceback(tb)
  File "/home/runner/.local/lib/python3.12/site-packages/pluggy/_callers.py", line 38, in run_old_style_hookwrapper
    res = yield
          ^^^^^
  File "/home/runner/.local/lib/python3.12/site-packages/pluggy/_callers.py", line 139, in _multicall
    teardown.throw(exception)
  File "/home/runner/.local/lib/python3.12/site-packages/_pytest/skipping.py", line 280, in pytest_runtest_makereport
    rep = yield
          ^^^^^
  File "/home/runner/.local/lib/python3.12/site-packages/pluggy/_callers.py", line 121, in _multicall
    res = hook_impl.function(*args)
          ^^^^^^^^^^^^^^^^^^^^^^^^^
  File "/home/runner/.local/lib/python3.12/site-packages/_pytest/runner.py", line 377, in pytest_runtest_makereport
    return TestReport.from_item_and_call(item, call)
           ^^^^^^^^^^^^^^^^^^^^^^^^^^^^^^^^^^^^^^^^^
  File "/home/runner/.local/lib/python3.12/site-packages/_pytest/reports.py", line 438, in from_item_and_call
    longrepr = _format_failed_longrepr(item, call, excinfo)
               ^^^^^^^^^^^^^^^^^^^^^^^^^^^^^^^^^^^^^^^^^^^^
  File "/home/runner/.local/lib/python3.12/site-packages/_pytest/reports.py", line 263, in _format_failed_longrepr
    longrepr = item.repr_failure(excinfo)
               ^^^^^^^^^^^^^^^^^^^^^^^^^^
  File "/home/runner/.local/lib/python3.12/site-packages/_pytest/python.py", line 1762, in repr_failure
    return self._repr_failure_py(excinfo, style=style)
           ^^^^^^^^^^^^^^^^^^^^^^^^^^^^^^^^^^^^^^^^^^^
  File "/home/runner/.local/lib/python3.12/site-packages/_pytest/nodes.py", line 456, in _repr_failure_py
    return excinfo.getrepr(
           ^^^^^^^^^^^^^^^^
  File "/home/runner/.local/lib/python3.12/site-packages/_pytest/_code/code.py", line 765, in getrepr
    return fmt.repr_excinfo(self)
           ^^^^^^^^^^^^^^^^^^^^^^
  File "/home/runner/.local/lib/python3.12/site-packages/_pytest/_code/code.py", line 1206, in repr_excinfo
    reprtraceback = self.repr_traceback(excinfo_)
                    ^^^^^^^^^^^^^^^^^^^^^^^^^^^^^
  File "/home/runner/.local/lib/python3.12/site-packages/_pytest/_code/code.py", line 1133, in repr_traceback
    self.repr_traceback_entry(entry, excinfo if last == entry else None)
  File "/home/runner/.local/lib/python3.12/site-packages/_pytest/_code/code.py", line 1063, in repr_traceback_entry
    source = self._getentrysource(entry)
             ^^^^^^^^^^^^^^^^^^^^^^^^^^^
  File "/home/runner/.local/lib/python3.12/site-packages/_pytest/_code/code.py", line 901, in _getentrysource
    source = entry.getsource(self.astcache)
             ^^^^^^^^^^^^^^^^^^^^^^^^^^^^^^
  File "/home/runner/.local/lib/python3.12/site-packages/_pytest/_code/code.py", line 299, in getsource
    astnode, _, end = getstatementrange_ast(
                      ^^^^^^^^^^^^^^^^^^^^^^
  File "/home/runner/.local/lib/python3.12/site-packages/_pytest/_code/source.py", line 191, in getstatementrange_ast
    astnode = ast.parse(content, "source", "exec")
              ^^^^^^^^^^^^^^^^^^^^^^^^^^^^^^^^^^^^
  File "/usr/lib/python3.12/ast.py", line 52, in parse
    return compile(source, filename, mode, flags,
           ^^^^^^^^^^^^^^^^^^^^^^^^^^^^^^^^^^^^^^
MemoryError</error></testcase></testsuite></testsuites>